2022-10-19 20:44:30 [restartedMain] INFO  c.a.c.ComicsCrafterApplication - Starting ComicsCrafterApplication using Java 17.0.4 on DESKTOP-ITAA80Q with PID 14940 (C:\Users\ahlqu\OneDrive\Desktop\ComicsCrafter\comics_crafter\comics_crafter\target\classes started by ahlqu in C:\Users\ahlqu\OneDrive\Desktop\ComicsCrafter\comics_crafter\comics_crafter)
2022-10-19 20:44:30 [restartedMain] INFO  c.a.c.ComicsCrafterApplication - No active profile set, falling back to 1 default profile: "default"
2022-10-19 20:44:30 [restartedMain] INFO  o.s.b.d.e.DevToolsPropertyDefaultsPostProcessor - Devtools property defaults active! Set 'spring.devtools.add-properties' to 'false' to disable
2022-10-19 20:44:30 [restartedMain] INFO  o.s.b.d.e.DevToolsPropertyDefaultsPostProcessor - For additional web related logging consider setting the 'logging.level.web' property to 'DEBUG'
2022-10-19 20:44:31 [restartedMain] INFO  o.s.d.r.c.RepositoryConfigurationDelegate - Bootstrapping Spring Data JPA repositories in DEFAULT mode.
2022-10-19 20:44:31 [restartedMain] INFO  o.s.d.r.c.RepositoryConfigurationDelegate - Finished Spring Data repository scanning in 64 ms. Found 4 JPA repository interfaces.
2022-10-19 20:44:31 [restartedMain] INFO  o.s.cloud.context.scope.GenericScope - BeanFactory id=c1c5863c-d6a3-3dcd-91f4-5a64f9f83bc9
2022-10-19 20:44:32 [restartedMain] INFO  o.s.b.w.e.tomcat.TomcatWebServer - Tomcat initialized with port(s): 8080 (http)
2022-10-19 20:44:32 [restartedMain] INFO  o.a.catalina.core.StandardService - Starting service [Tomcat]
2022-10-19 20:44:32 [restartedMain] INFO  o.a.catalina.core.StandardEngine - Starting Servlet engine: [Apache Tomcat/9.0.65]
2022-10-19 20:44:32 [restartedMain] INFO  o.a.c.c.C.[Tomcat].[localhost].[/] - Initializing Spring embedded WebApplicationContext
2022-10-19 20:44:32 [restartedMain] INFO  o.s.b.w.s.c.ServletWebServerApplicationContext - Root WebApplicationContext: initialization completed in 1727 ms
2022-10-19 20:44:32 [restartedMain] INFO  o.h.jpa.internal.util.LogHelper - HHH000204: Processing PersistenceUnitInfo [name: default]
2022-10-19 20:44:32 [restartedMain] INFO  org.hibernate.Version - HHH000412: Hibernate ORM core version 5.6.11.Final
2022-10-19 20:44:32 [restartedMain] INFO  o.h.annotations.common.Version - HCANN000001: Hibernate Commons Annotations {5.1.2.Final}
2022-10-19 20:44:32 [restartedMain] INFO  com.zaxxer.hikari.HikariDataSource - HikariPool-1 - Starting...
2022-10-19 20:44:32 [restartedMain] INFO  com.zaxxer.hikari.HikariDataSource - HikariPool-1 - Start completed.
2022-10-19 20:44:32 [restartedMain] INFO  org.hibernate.dialect.Dialect - HHH000400: Using dialect: org.hibernate.dialect.MariaDBDialect
2022-10-19 20:44:33 [restartedMain] INFO  o.h.e.t.j.p.i.JtaPlatformInitiator - HHH000490: Using JtaPlatform implementation: [org.hibernate.engine.transaction.jta.platform.internal.NoJtaPlatform]
2022-10-19 20:44:33 [restartedMain] INFO  o.s.o.j.LocalContainerEntityManagerFactoryBean - Initialized JPA EntityManagerFactory for persistence unit 'default'
2022-10-19 20:44:33 [restartedMain] WARN  o.s.b.a.o.j.JpaBaseConfiguration$JpaWebConfiguration - spring.jpa.open-in-view is enabled by default. Therefore, database queries may be performed during view rendering. Explicitly configure spring.jpa.open-in-view to disable this warning
2022-10-19 20:44:34 [restartedMain] INFO  o.s.b.a.w.s.WelcomePageHandlerMapping - Adding welcome page template: index
2022-10-19 20:44:35 [restartedMain] INFO  o.s.s.web.DefaultSecurityFilterChain - Will secure any request with [org.springframework.security.web.session.DisableEncodeUrlFilter@27d023b4, org.springframework.security.web.context.request.async.WebAsyncManagerIntegrationFilter@442db4a3, org.springframework.security.web.context.SecurityContextPersistenceFilter@375148da, org.springframework.security.web.header.HeaderWriterFilter@18dda8b2, org.springframework.security.web.csrf.CsrfFilter@171c7487, org.springframework.security.web.authentication.logout.LogoutFilter@114ee5ed, org.springframework.security.web.authentication.UsernamePasswordAuthenticationFilter@66167758, org.springframework.security.web.savedrequest.RequestCacheAwareFilter@56a6f864, org.springframework.security.web.servletapi.SecurityContextHolderAwareRequestFilter@766519b, org.springframework.security.web.authentication.AnonymousAuthenticationFilter@106c7337, org.springframework.security.web.session.SessionManagementFilter@2baac31, org.springframework.security.web.access.ExceptionTranslationFilter@43c53a66, org.springframework.security.web.access.intercept.FilterSecurityInterceptor@3215703a]
2022-10-19 20:44:35 [restartedMain] INFO  o.s.b.d.a.OptionalLiveReloadServer - LiveReload server is running on port 35729
2022-10-19 20:44:35 [restartedMain] INFO  o.s.b.w.e.tomcat.TomcatWebServer - Tomcat started on port(s): 8080 (http) with context path ''
2022-10-19 20:44:35 [restartedMain] INFO  c.a.c.ComicsCrafterApplication - Started ComicsCrafterApplication in 5.471 seconds (JVM running for 6.298)
2022-10-19 20:44:41 [File Watcher] INFO  o.s.b.d.a.LocalDevToolsAutoConfiguration$RestartingClassPathChangeChangedEventListener - Restarting due to 1 class path change (1 addition, 0 deletions, 0 modifications)
2022-10-19 20:44:41 [Thread-6] INFO  o.a.catalina.core.StandardService - Stopping service [Tomcat]
2022-10-19 20:44:41 [Thread-6] INFO  o.s.o.j.LocalContainerEntityManagerFactoryBean - Closing JPA EntityManagerFactory for persistence unit 'default'
2022-10-19 20:44:41 [Thread-6] INFO  com.zaxxer.hikari.HikariDataSource - HikariPool-1 - Shutdown initiated...
2022-10-19 20:44:41 [Thread-6] INFO  com.zaxxer.hikari.HikariDataSource - HikariPool-1 - Shutdown completed.
2022-10-19 20:44:42 [restartedMain] INFO  c.a.c.ComicsCrafterApplication - Starting ComicsCrafterApplication using Java 17.0.4 on DESKTOP-ITAA80Q with PID 14940 (C:\Users\ahlqu\OneDrive\Desktop\ComicsCrafter\comics_crafter\comics_crafter\target\classes started by ahlqu in C:\Users\ahlqu\OneDrive\Desktop\ComicsCrafter\comics_crafter\comics_crafter)
2022-10-19 20:44:42 [restartedMain] INFO  c.a.c.ComicsCrafterApplication - No active profile set, falling back to 1 default profile: "default"
2022-10-19 20:44:42 [restartedMain] INFO  o.s.d.r.c.RepositoryConfigurationDelegate - Bootstrapping Spring Data JPA repositories in DEFAULT mode.
2022-10-19 20:44:42 [restartedMain] INFO  o.s.d.r.c.RepositoryConfigurationDelegate - Finished Spring Data repository scanning in 26 ms. Found 4 JPA repository interfaces.
2022-10-19 20:44:42 [restartedMain] INFO  o.s.cloud.context.scope.GenericScope - BeanFactory id=c1c5863c-d6a3-3dcd-91f4-5a64f9f83bc9
2022-10-19 20:44:42 [restartedMain] INFO  o.s.b.w.e.tomcat.TomcatWebServer - Tomcat initialized with port(s): 8080 (http)
2022-10-19 20:44:42 [restartedMain] INFO  o.a.catalina.core.StandardService - Starting service [Tomcat]
2022-10-19 20:44:42 [restartedMain] INFO  o.a.catalina.core.StandardEngine - Starting Servlet engine: [Apache Tomcat/9.0.65]
2022-10-19 20:44:42 [restartedMain] INFO  o.a.c.c.C.[Tomcat].[localhost].[/] - Initializing Spring embedded WebApplicationContext
2022-10-19 20:44:42 [restartedMain] INFO  o.s.b.w.s.c.ServletWebServerApplicationContext - Root WebApplicationContext: initialization completed in 386 ms
2022-10-19 20:44:42 [restartedMain] INFO  o.h.jpa.internal.util.LogHelper - HHH000204: Processing PersistenceUnitInfo [name: default]
2022-10-19 20:44:42 [restartedMain] INFO  com.zaxxer.hikari.HikariDataSource - HikariPool-2 - Starting...
2022-10-19 20:44:42 [restartedMain] INFO  com.zaxxer.hikari.HikariDataSource - HikariPool-2 - Start completed.
2022-10-19 20:44:42 [restartedMain] INFO  org.hibernate.dialect.Dialect - HHH000400: Using dialect: org.hibernate.dialect.MariaDBDialect
2022-10-19 20:44:42 [restartedMain] INFO  o.h.e.t.j.p.i.JtaPlatformInitiator - HHH000490: Using JtaPlatform implementation: [org.hibernate.engine.transaction.jta.platform.internal.NoJtaPlatform]
2022-10-19 20:44:42 [restartedMain] INFO  o.s.o.j.LocalContainerEntityManagerFactoryBean - Initialized JPA EntityManagerFactory for persistence unit 'default'
2022-10-19 20:44:42 [restartedMain] WARN  o.s.b.a.o.j.JpaBaseConfiguration$JpaWebConfiguration - spring.jpa.open-in-view is enabled by default. Therefore, database queries may be performed during view rendering. Explicitly configure spring.jpa.open-in-view to disable this warning
2022-10-19 20:44:42 [restartedMain] INFO  o.s.b.a.w.s.WelcomePageHandlerMapping - Adding welcome page template: index
2022-10-19 20:44:42 [restartedMain] INFO  o.s.s.web.DefaultSecurityFilterChain - Will secure any request with [org.springframework.security.web.session.DisableEncodeUrlFilter@4f09bdae, org.springframework.security.web.context.request.async.WebAsyncManagerIntegrationFilter@25832ec2, org.springframework.security.web.context.SecurityContextPersistenceFilter@7432c17c, org.springframework.security.web.header.HeaderWriterFilter@42409419, org.springframework.security.web.csrf.CsrfFilter@2cf82078, org.springframework.security.web.authentication.logout.LogoutFilter@4e032f04, org.springframework.security.web.authentication.UsernamePasswordAuthenticationFilter@79f20540, org.springframework.security.web.savedrequest.RequestCacheAwareFilter@552bb55a, org.springframework.security.web.servletapi.SecurityContextHolderAwareRequestFilter@138d03ba, org.springframework.security.web.authentication.AnonymousAuthenticationFilter@2a7c66ad, org.springframework.security.web.session.SessionManagementFilter@1924d9c0, org.springframework.security.web.access.ExceptionTranslationFilter@7bab4272, org.springframework.security.web.access.intercept.FilterSecurityInterceptor@12d3a463]
2022-10-19 20:44:42 [restartedMain] INFO  o.s.b.d.a.OptionalLiveReloadServer - LiveReload server is running on port 35729
2022-10-19 20:44:43 [restartedMain] INFO  o.s.b.w.e.tomcat.TomcatWebServer - Tomcat started on port(s): 8080 (http) with context path ''
2022-10-19 20:44:43 [restartedMain] INFO  c.a.c.ComicsCrafterApplication - Started ComicsCrafterApplication in 1.219 seconds (JVM running for 13.873)
2022-10-19 20:44:43 [restartedMain] INFO  o.s.b.d.a.ConditionEvaluationDeltaLoggingListener - Condition evaluation unchanged
2022-10-19 20:44:46 [File Watcher] INFO  o.s.b.d.a.LocalDevToolsAutoConfiguration$RestartingClassPathChangeChangedEventListener - Restarting due to 1 class path change (0 additions, 0 deletions, 1 modification)
2022-10-19 20:44:46 [Thread-9] INFO  o.a.catalina.core.StandardService - Stopping service [Tomcat]
2022-10-19 20:44:46 [Thread-9] INFO  o.s.o.j.LocalContainerEntityManagerFactoryBean - Closing JPA EntityManagerFactory for persistence unit 'default'
2022-10-19 20:44:46 [Thread-9] INFO  com.zaxxer.hikari.HikariDataSource - HikariPool-2 - Shutdown initiated...
2022-10-19 20:44:46 [Thread-9] INFO  com.zaxxer.hikari.HikariDataSource - HikariPool-2 - Shutdown completed.
2022-10-19 20:44:46 [restartedMain] INFO  c.a.c.ComicsCrafterApplication - Starting ComicsCrafterApplication using Java 17.0.4 on DESKTOP-ITAA80Q with PID 14940 (C:\Users\ahlqu\OneDrive\Desktop\ComicsCrafter\comics_crafter\comics_crafter\target\classes started by ahlqu in C:\Users\ahlqu\OneDrive\Desktop\ComicsCrafter\comics_crafter\comics_crafter)
2022-10-19 20:44:46 [restartedMain] INFO  c.a.c.ComicsCrafterApplication - No active profile set, falling back to 1 default profile: "default"
2022-10-19 20:44:46 [restartedMain] INFO  o.s.d.r.c.RepositoryConfigurationDelegate - Bootstrapping Spring Data JPA repositories in DEFAULT mode.
2022-10-19 20:44:46 [restartedMain] INFO  o.s.d.r.c.RepositoryConfigurationDelegate - Finished Spring Data repository scanning in 24 ms. Found 4 JPA repository interfaces.
2022-10-19 20:44:46 [restartedMain] INFO  o.s.cloud.context.scope.GenericScope - BeanFactory id=c1c5863c-d6a3-3dcd-91f4-5a64f9f83bc9
2022-10-19 20:44:46 [restartedMain] INFO  o.s.b.w.e.tomcat.TomcatWebServer - Tomcat initialized with port(s): 8080 (http)
2022-10-19 20:44:46 [restartedMain] INFO  o.a.catalina.core.StandardService - Starting service [Tomcat]
2022-10-19 20:44:46 [restartedMain] INFO  o.a.catalina.core.StandardEngine - Starting Servlet engine: [Apache Tomcat/9.0.65]
2022-10-19 20:44:46 [restartedMain] INFO  o.a.c.c.C.[Tomcat].[localhost].[/] - Initializing Spring embedded WebApplicationContext
2022-10-19 20:44:46 [restartedMain] INFO  o.s.b.w.s.c.ServletWebServerApplicationContext - Root WebApplicationContext: initialization completed in 335 ms
2022-10-19 20:44:46 [restartedMain] INFO  o.h.jpa.internal.util.LogHelper - HHH000204: Processing PersistenceUnitInfo [name: default]
2022-10-19 20:44:46 [restartedMain] INFO  com.zaxxer.hikari.HikariDataSource - HikariPool-3 - Starting...
2022-10-19 20:44:46 [restartedMain] INFO  com.zaxxer.hikari.HikariDataSource - HikariPool-3 - Start completed.
2022-10-19 20:44:46 [restartedMain] INFO  org.hibernate.dialect.Dialect - HHH000400: Using dialect: org.hibernate.dialect.MariaDBDialect
2022-10-19 20:44:47 [restartedMain] INFO  o.h.e.t.j.p.i.JtaPlatformInitiator - HHH000490: Using JtaPlatform implementation: [org.hibernate.engine.transaction.jta.platform.internal.NoJtaPlatform]
2022-10-19 20:44:47 [restartedMain] INFO  o.s.o.j.LocalContainerEntityManagerFactoryBean - Initialized JPA EntityManagerFactory for persistence unit 'default'
2022-10-19 20:44:47 [restartedMain] WARN  o.s.b.a.o.j.JpaBaseConfiguration$JpaWebConfiguration - spring.jpa.open-in-view is enabled by default. Therefore, database queries may be performed during view rendering. Explicitly configure spring.jpa.open-in-view to disable this warning
2022-10-19 20:44:47 [restartedMain] INFO  o.s.b.a.w.s.WelcomePageHandlerMapping - Adding welcome page template: index
2022-10-19 20:44:47 [restartedMain] INFO  o.s.s.web.DefaultSecurityFilterChain - Will secure any request with [org.springframework.security.web.session.DisableEncodeUrlFilter@7893b640, org.springframework.security.web.context.request.async.WebAsyncManagerIntegrationFilter@7c5381e4, org.springframework.security.web.context.SecurityContextPersistenceFilter@a99ee9b, org.springframework.security.web.header.HeaderWriterFilter@37d87c22, org.springframework.security.web.csrf.CsrfFilter@12e7159e, org.springframework.security.web.authentication.logout.LogoutFilter@4bfe434b, org.springframework.security.web.authentication.UsernamePasswordAuthenticationFilter@46e4cd4d, org.springframework.security.web.savedrequest.RequestCacheAwareFilter@18a631a8, org.springframework.security.web.servletapi.SecurityContextHolderAwareRequestFilter@6c6b67f2, org.springframework.security.web.authentication.AnonymousAuthenticationFilter@6faa99d3, org.springframework.security.web.session.SessionManagementFilter@20f854ff, org.springframework.security.web.access.ExceptionTranslationFilter@39757b03, org.springframework.security.web.access.intercept.FilterSecurityInterceptor@3404edd0]
2022-10-19 20:44:47 [restartedMain] INFO  o.s.b.d.a.OptionalLiveReloadServer - LiveReload server is running on port 35729
2022-10-19 20:44:47 [restartedMain] INFO  o.s.b.w.e.tomcat.TomcatWebServer - Tomcat started on port(s): 8080 (http) with context path ''
2022-10-19 20:44:47 [restartedMain] INFO  c.a.c.ComicsCrafterApplication - Started ComicsCrafterApplication in 1.136 seconds (JVM running for 18.376)
2022-10-19 20:44:47 [restartedMain] INFO  o.s.b.d.a.ConditionEvaluationDeltaLoggingListener - Condition evaluation unchanged
2022-10-19 20:44:54 [File Watcher] INFO  o.s.b.d.a.LocalDevToolsAutoConfiguration$RestartingClassPathChangeChangedEventListener - Restarting due to 1 class path change (0 additions, 0 deletions, 1 modification)
2022-10-19 20:44:54 [Thread-15] INFO  o.a.catalina.core.StandardService - Stopping service [Tomcat]
2022-10-19 20:44:54 [Thread-15] INFO  o.s.o.j.LocalContainerEntityManagerFactoryBean - Closing JPA EntityManagerFactory for persistence unit 'default'
2022-10-19 20:44:54 [Thread-15] INFO  com.zaxxer.hikari.HikariDataSource - HikariPool-3 - Shutdown initiated...
2022-10-19 20:44:54 [Thread-15] INFO  com.zaxxer.hikari.HikariDataSource - HikariPool-3 - Shutdown completed.
2022-10-19 20:44:55 [restartedMain] INFO  c.a.c.ComicsCrafterApplication - Starting ComicsCrafterApplication using Java 17.0.4 on DESKTOP-ITAA80Q with PID 14940 (C:\Users\ahlqu\OneDrive\Desktop\ComicsCrafter\comics_crafter\comics_crafter\target\classes started by ahlqu in C:\Users\ahlqu\OneDrive\Desktop\ComicsCrafter\comics_crafter\comics_crafter)
2022-10-19 20:44:55 [restartedMain] INFO  c.a.c.ComicsCrafterApplication - No active profile set, falling back to 1 default profile: "default"
2022-10-19 20:44:55 [restartedMain] INFO  o.s.d.r.c.RepositoryConfigurationDelegate - Bootstrapping Spring Data JPA repositories in DEFAULT mode.
2022-10-19 20:44:55 [restartedMain] INFO  o.s.d.r.c.RepositoryConfigurationDelegate - Finished Spring Data repository scanning in 31 ms. Found 4 JPA repository interfaces.
2022-10-19 20:44:55 [restartedMain] INFO  o.s.cloud.context.scope.GenericScope - BeanFactory id=c1c5863c-d6a3-3dcd-91f4-5a64f9f83bc9
2022-10-19 20:44:55 [restartedMain] INFO  o.s.b.w.e.tomcat.TomcatWebServer - Tomcat initialized with port(s): 8080 (http)
2022-10-19 20:44:55 [restartedMain] INFO  o.a.catalina.core.StandardService - Starting service [Tomcat]
2022-10-19 20:44:55 [restartedMain] INFO  o.a.catalina.core.StandardEngine - Starting Servlet engine: [Apache Tomcat/9.0.65]
2022-10-19 20:44:55 [restartedMain] INFO  o.a.c.c.C.[Tomcat].[localhost].[/] - Initializing Spring embedded WebApplicationContext
2022-10-19 20:44:55 [restartedMain] INFO  o.s.b.w.s.c.ServletWebServerApplicationContext - Root WebApplicationContext: initialization completed in 385 ms
2022-10-19 20:44:55 [restartedMain] INFO  o.h.jpa.internal.util.LogHelper - HHH000204: Processing PersistenceUnitInfo [name: default]
2022-10-19 20:44:55 [restartedMain] INFO  com.zaxxer.hikari.HikariDataSource - HikariPool-4 - Starting...
2022-10-19 20:44:55 [restartedMain] INFO  com.zaxxer.hikari.HikariDataSource - HikariPool-4 - Start completed.
2022-10-19 20:44:55 [restartedMain] INFO  org.hibernate.dialect.Dialect - HHH000400: Using dialect: org.hibernate.dialect.MariaDBDialect
2022-10-19 20:44:55 [restartedMain] INFO  o.h.e.t.j.p.i.JtaPlatformInitiator - HHH000490: Using JtaPlatform implementation: [org.hibernate.engine.transaction.jta.platform.internal.NoJtaPlatform]
2022-10-19 20:44:55 [restartedMain] INFO  o.s.o.j.LocalContainerEntityManagerFactoryBean - Initialized JPA EntityManagerFactory for persistence unit 'default'
2022-10-19 20:44:55 [restartedMain] WARN  o.s.b.a.o.j.JpaBaseConfiguration$JpaWebConfiguration - spring.jpa.open-in-view is enabled by default. Therefore, database queries may be performed during view rendering. Explicitly configure spring.jpa.open-in-view to disable this warning
2022-10-19 20:44:55 [restartedMain] INFO  o.s.b.a.w.s.WelcomePageHandlerMapping - Adding welcome page template: index
2022-10-19 20:44:56 [restartedMain] INFO  o.s.s.web.DefaultSecurityFilterChain - Will secure any request with [org.springframework.security.web.session.DisableEncodeUrlFilter@32f888af, org.springframework.security.web.context.request.async.WebAsyncManagerIntegrationFilter@7a3b0171, org.springframework.security.web.context.SecurityContextPersistenceFilter@5ab3e840, org.springframework.security.web.header.HeaderWriterFilter@725855f6, org.springframework.security.web.csrf.CsrfFilter@61fc55d2, org.springframework.security.web.authentication.logout.LogoutFilter@242f794b, org.springframework.security.web.authentication.UsernamePasswordAuthenticationFilter@598b7c13, org.springframework.security.web.savedrequest.RequestCacheAwareFilter@1bd7859c, org.springframework.security.web.servletapi.SecurityContextHolderAwareRequestFilter@2b9084f5, org.springframework.security.web.authentication.AnonymousAuthenticationFilter@46b7f367, org.springframework.security.web.session.SessionManagementFilter@59e2646b, org.springframework.security.web.access.ExceptionTranslationFilter@1dfb9bd9, org.springframework.security.web.access.intercept.FilterSecurityInterceptor@5d5c2d9c]
2022-10-19 20:44:56 [restartedMain] INFO  o.s.b.d.a.OptionalLiveReloadServer - LiveReload server is running on port 35729
2022-10-19 20:44:56 [restartedMain] INFO  o.s.b.w.e.tomcat.TomcatWebServer - Tomcat started on port(s): 8080 (http) with context path ''
2022-10-19 20:44:56 [restartedMain] INFO  c.a.c.ComicsCrafterApplication - Started ComicsCrafterApplication in 1.236 seconds (JVM running for 27.062)
2022-10-19 20:44:56 [restartedMain] INFO  o.s.b.d.a.ConditionEvaluationDeltaLoggingListener - Condition evaluation unchanged
2022-10-19 20:44:59 [File Watcher] INFO  o.s.b.d.a.LocalDevToolsAutoConfiguration$RestartingClassPathChangeChangedEventListener - Restarting due to 2 class path changes (0 additions, 0 deletions, 2 modifications)
2022-10-19 20:44:59 [Thread-21] INFO  o.a.catalina.core.StandardService - Stopping service [Tomcat]
2022-10-19 20:44:59 [Thread-21] INFO  o.s.o.j.LocalContainerEntityManagerFactoryBean - Closing JPA EntityManagerFactory for persistence unit 'default'
2022-10-19 20:44:59 [Thread-21] INFO  com.zaxxer.hikari.HikariDataSource - HikariPool-4 - Shutdown initiated...
2022-10-19 20:44:59 [Thread-21] INFO  com.zaxxer.hikari.HikariDataSource - HikariPool-4 - Shutdown completed.
2022-10-19 20:44:59 [restartedMain] INFO  c.a.c.ComicsCrafterApplication - Starting ComicsCrafterApplication using Java 17.0.4 on DESKTOP-ITAA80Q with PID 14940 (C:\Users\ahlqu\OneDrive\Desktop\ComicsCrafter\comics_crafter\comics_crafter\target\classes started by ahlqu in C:\Users\ahlqu\OneDrive\Desktop\ComicsCrafter\comics_crafter\comics_crafter)
2022-10-19 20:44:59 [restartedMain] INFO  c.a.c.ComicsCrafterApplication - No active profile set, falling back to 1 default profile: "default"
2022-10-19 20:44:59 [restartedMain] INFO  o.s.d.r.c.RepositoryConfigurationDelegate - Bootstrapping Spring Data JPA repositories in DEFAULT mode.
2022-10-19 20:44:59 [restartedMain] INFO  o.s.d.r.c.RepositoryConfigurationDelegate - Finished Spring Data repository scanning in 27 ms. Found 4 JPA repository interfaces.
2022-10-19 20:45:00 [restartedMain] INFO  o.s.cloud.context.scope.GenericScope - BeanFactory id=c1c5863c-d6a3-3dcd-91f4-5a64f9f83bc9
2022-10-19 20:45:00 [restartedMain] INFO  o.s.b.w.e.tomcat.TomcatWebServer - Tomcat initialized with port(s): 8080 (http)
2022-10-19 20:45:00 [restartedMain] INFO  o.a.catalina.core.StandardService - Starting service [Tomcat]
2022-10-19 20:45:00 [restartedMain] INFO  o.a.catalina.core.StandardEngine - Starting Servlet engine: [Apache Tomcat/9.0.65]
2022-10-19 20:45:00 [restartedMain] INFO  o.a.c.c.C.[Tomcat].[localhost].[/] - Initializing Spring embedded WebApplicationContext
2022-10-19 20:45:00 [restartedMain] INFO  o.s.b.w.s.c.ServletWebServerApplicationContext - Root WebApplicationContext: initialization completed in 400 ms
2022-10-19 20:45:00 [restartedMain] INFO  o.h.jpa.internal.util.LogHelper - HHH000204: Processing PersistenceUnitInfo [name: default]
2022-10-19 20:45:00 [restartedMain] INFO  com.zaxxer.hikari.HikariDataSource - HikariPool-5 - Starting...
2022-10-19 20:45:00 [restartedMain] INFO  com.zaxxer.hikari.HikariDataSource - HikariPool-5 - Start completed.
2022-10-19 20:45:00 [restartedMain] INFO  org.hibernate.dialect.Dialect - HHH000400: Using dialect: org.hibernate.dialect.MariaDBDialect
2022-10-19 20:45:00 [restartedMain] INFO  o.h.e.t.j.p.i.JtaPlatformInitiator - HHH000490: Using JtaPlatform implementation: [org.hibernate.engine.transaction.jta.platform.internal.NoJtaPlatform]
2022-10-19 20:45:00 [restartedMain] INFO  o.s.o.j.LocalContainerEntityManagerFactoryBean - Initialized JPA EntityManagerFactory for persistence unit 'default'
2022-10-19 20:45:00 [restartedMain] WARN  o.s.b.a.o.j.JpaBaseConfiguration$JpaWebConfiguration - spring.jpa.open-in-view is enabled by default. Therefore, database queries may be performed during view rendering. Explicitly configure spring.jpa.open-in-view to disable this warning
2022-10-19 20:45:00 [restartedMain] INFO  o.s.b.a.w.s.WelcomePageHandlerMapping - Adding welcome page template: index
2022-10-19 20:45:00 [restartedMain] INFO  o.s.s.web.DefaultSecurityFilterChain - Will secure any request with [org.springframework.security.web.session.DisableEncodeUrlFilter@517065bc, org.springframework.security.web.context.request.async.WebAsyncManagerIntegrationFilter@5f189dc0, org.springframework.security.web.context.SecurityContextPersistenceFilter@1db6d7c5, org.springframework.security.web.header.HeaderWriterFilter@c824982, org.springframework.security.web.csrf.CsrfFilter@61f9119, org.springframework.security.web.authentication.logout.LogoutFilter@bb290da, org.springframework.security.web.authentication.UsernamePasswordAuthenticationFilter@551b08a, org.springframework.security.web.savedrequest.RequestCacheAwareFilter@10ef2e8, org.springframework.security.web.servletapi.SecurityContextHolderAwareRequestFilter@1fde6512, org.springframework.security.web.authentication.AnonymousAuthenticationFilter@23d25374, org.springframework.security.web.session.SessionManagementFilter@675b056e, org.springframework.security.web.access.ExceptionTranslationFilter@1ef05a89, org.springframework.security.web.access.intercept.FilterSecurityInterceptor@62f5324]
2022-10-19 20:45:00 [restartedMain] INFO  o.s.b.d.a.OptionalLiveReloadServer - LiveReload server is running on port 35729
2022-10-19 20:45:00 [restartedMain] INFO  o.s.b.w.e.tomcat.TomcatWebServer - Tomcat started on port(s): 8080 (http) with context path ''
2022-10-19 20:45:00 [restartedMain] INFO  c.a.c.ComicsCrafterApplication - Started ComicsCrafterApplication in 1.23 seconds (JVM running for 31.637)
2022-10-19 20:45:00 [restartedMain] INFO  o.s.b.d.a.ConditionEvaluationDeltaLoggingListener - Condition evaluation unchanged
2022-10-19 20:45:04 [File Watcher] INFO  o.s.b.d.a.LocalDevToolsAutoConfiguration$RestartingClassPathChangeChangedEventListener - Restarting due to 1 class path change (0 additions, 0 deletions, 1 modification)
2022-10-19 20:45:04 [Thread-27] INFO  o.a.catalina.core.StandardService - Stopping service [Tomcat]
2022-10-19 20:45:04 [Thread-27] INFO  o.s.o.j.LocalContainerEntityManagerFactoryBean - Closing JPA EntityManagerFactory for persistence unit 'default'
2022-10-19 20:45:04 [Thread-27] INFO  com.zaxxer.hikari.HikariDataSource - HikariPool-5 - Shutdown initiated...
2022-10-19 20:45:04 [Thread-27] INFO  com.zaxxer.hikari.HikariDataSource - HikariPool-5 - Shutdown completed.
2022-10-19 20:45:04 [restartedMain] INFO  c.a.c.ComicsCrafterApplication - Starting ComicsCrafterApplication using Java 17.0.4 on DESKTOP-ITAA80Q with PID 14940 (C:\Users\ahlqu\OneDrive\Desktop\ComicsCrafter\comics_crafter\comics_crafter\target\classes started by ahlqu in C:\Users\ahlqu\OneDrive\Desktop\ComicsCrafter\comics_crafter\comics_crafter)
2022-10-19 20:45:04 [restartedMain] INFO  c.a.c.ComicsCrafterApplication - No active profile set, falling back to 1 default profile: "default"
2022-10-19 20:45:04 [restartedMain] INFO  o.s.d.r.c.RepositoryConfigurationDelegate - Bootstrapping Spring Data JPA repositories in DEFAULT mode.
2022-10-19 20:45:04 [restartedMain] INFO  o.s.d.r.c.RepositoryConfigurationDelegate - Finished Spring Data repository scanning in 28 ms. Found 4 JPA repository interfaces.
2022-10-19 20:45:04 [restartedMain] INFO  o.s.cloud.context.scope.GenericScope - BeanFactory id=c1c5863c-d6a3-3dcd-91f4-5a64f9f83bc9
2022-10-19 20:45:04 [restartedMain] INFO  o.s.b.w.e.tomcat.TomcatWebServer - Tomcat initialized with port(s): 8080 (http)
2022-10-19 20:45:04 [restartedMain] INFO  o.a.catalina.core.StandardService - Starting service [Tomcat]
2022-10-19 20:45:04 [restartedMain] INFO  o.a.catalina.core.StandardEngine - Starting Servlet engine: [Apache Tomcat/9.0.65]
2022-10-19 20:45:04 [restartedMain] INFO  o.a.c.c.C.[Tomcat].[localhost].[/] - Initializing Spring embedded WebApplicationContext
2022-10-19 20:45:04 [restartedMain] INFO  o.s.b.w.s.c.ServletWebServerApplicationContext - Root WebApplicationContext: initialization completed in 362 ms
2022-10-19 20:45:04 [restartedMain] INFO  o.h.jpa.internal.util.LogHelper - HHH000204: Processing PersistenceUnitInfo [name: default]
2022-10-19 20:45:04 [restartedMain] INFO  com.zaxxer.hikari.HikariDataSource - HikariPool-6 - Starting...
2022-10-19 20:45:04 [restartedMain] INFO  com.zaxxer.hikari.HikariDataSource - HikariPool-6 - Start completed.
2022-10-19 20:45:04 [restartedMain] INFO  org.hibernate.dialect.Dialect - HHH000400: Using dialect: org.hibernate.dialect.MariaDBDialect
2022-10-19 20:45:04 [restartedMain] INFO  o.h.e.t.j.p.i.JtaPlatformInitiator - HHH000490: Using JtaPlatform implementation: [org.hibernate.engine.transaction.jta.platform.internal.NoJtaPlatform]
2022-10-19 20:45:04 [restartedMain] INFO  o.s.o.j.LocalContainerEntityManagerFactoryBean - Initialized JPA EntityManagerFactory for persistence unit 'default'
2022-10-19 20:45:04 [restartedMain] WARN  o.s.b.a.o.j.JpaBaseConfiguration$JpaWebConfiguration - spring.jpa.open-in-view is enabled by default. Therefore, database queries may be performed during view rendering. Explicitly configure spring.jpa.open-in-view to disable this warning
2022-10-19 20:45:04 [restartedMain] INFO  o.s.b.a.w.s.WelcomePageHandlerMapping - Adding welcome page template: index
2022-10-19 20:45:05 [restartedMain] INFO  o.s.s.web.DefaultSecurityFilterChain - Will secure any request with [org.springframework.security.web.session.DisableEncodeUrlFilter@232059f3, org.springframework.security.web.context.request.async.WebAsyncManagerIntegrationFilter@2dc6e77a, org.springframework.security.web.context.SecurityContextPersistenceFilter@586ad11f, org.springframework.security.web.header.HeaderWriterFilter@5a823fc8, org.springframework.security.web.csrf.CsrfFilter@2f428a9e, org.springframework.security.web.authentication.logout.LogoutFilter@6479bc58, org.springframework.security.web.authentication.UsernamePasswordAuthenticationFilter@3c7bbb1c, org.springframework.security.web.savedrequest.RequestCacheAwareFilter@7fb70257, org.springframework.security.web.servletapi.SecurityContextHolderAwareRequestFilter@34801e16, org.springframework.security.web.authentication.AnonymousAuthenticationFilter@14c2a187, org.springframework.security.web.session.SessionManagementFilter@6347a193, org.springframework.security.web.access.ExceptionTranslationFilter@6ba98a77, org.springframework.security.web.access.intercept.FilterSecurityInterceptor@7c08b6ab]
2022-10-19 20:45:05 [restartedMain] INFO  o.s.b.d.a.OptionalLiveReloadServer - LiveReload server is running on port 35729
2022-10-19 20:45:05 [restartedMain] INFO  o.s.b.w.e.tomcat.TomcatWebServer - Tomcat started on port(s): 8080 (http) with context path ''
2022-10-19 20:45:05 [restartedMain] INFO  c.a.c.ComicsCrafterApplication - Started ComicsCrafterApplication in 1.126 seconds (JVM running for 36.049)
2022-10-19 20:45:05 [restartedMain] INFO  o.s.b.d.a.ConditionEvaluationDeltaLoggingListener - Condition evaluation unchanged
2022-10-19 20:45:06 [File Watcher] INFO  o.s.b.d.a.LocalDevToolsAutoConfiguration$RestartingClassPathChangeChangedEventListener - Restarting due to 1 class path change (0 additions, 0 deletions, 1 modification)
2022-10-19 20:45:06 [Thread-33] INFO  o.a.catalina.core.StandardService - Stopping service [Tomcat]
2022-10-19 20:45:06 [Thread-33] INFO  o.s.o.j.LocalContainerEntityManagerFactoryBean - Closing JPA EntityManagerFactory for persistence unit 'default'
2022-10-19 20:45:06 [Thread-33] INFO  com.zaxxer.hikari.HikariDataSource - HikariPool-6 - Shutdown initiated...
2022-10-19 20:45:06 [Thread-33] INFO  com.zaxxer.hikari.HikariDataSource - HikariPool-6 - Shutdown completed.
2022-10-19 20:45:06 [restartedMain] INFO  c.a.c.ComicsCrafterApplication - Starting ComicsCrafterApplication using Java 17.0.4 on DESKTOP-ITAA80Q with PID 14940 (C:\Users\ahlqu\OneDrive\Desktop\ComicsCrafter\comics_crafter\comics_crafter\target\classes started by ahlqu in C:\Users\ahlqu\OneDrive\Desktop\ComicsCrafter\comics_crafter\comics_crafter)
2022-10-19 20:45:06 [restartedMain] INFO  c.a.c.ComicsCrafterApplication - No active profile set, falling back to 1 default profile: "default"
2022-10-19 20:45:06 [restartedMain] INFO  o.s.d.r.c.RepositoryConfigurationDelegate - Bootstrapping Spring Data JPA repositories in DEFAULT mode.
2022-10-19 20:45:06 [restartedMain] INFO  o.s.d.r.c.RepositoryConfigurationDelegate - Finished Spring Data repository scanning in 25 ms. Found 4 JPA repository interfaces.
2022-10-19 20:45:07 [restartedMain] INFO  o.s.cloud.context.scope.GenericScope - BeanFactory id=c1c5863c-d6a3-3dcd-91f4-5a64f9f83bc9
2022-10-19 20:45:07 [restartedMain] INFO  o.s.b.w.e.tomcat.TomcatWebServer - Tomcat initialized with port(s): 8080 (http)
2022-10-19 20:45:07 [restartedMain] INFO  o.a.catalina.core.StandardService - Starting service [Tomcat]
2022-10-19 20:45:07 [restartedMain] INFO  o.a.catalina.core.StandardEngine - Starting Servlet engine: [Apache Tomcat/9.0.65]
2022-10-19 20:45:07 [restartedMain] INFO  o.a.c.c.C.[Tomcat].[localhost].[/] - Initializing Spring embedded WebApplicationContext
2022-10-19 20:45:07 [restartedMain] INFO  o.s.b.w.s.c.ServletWebServerApplicationContext - Root WebApplicationContext: initialization completed in 373 ms
2022-10-19 20:45:07 [restartedMain] INFO  o.h.jpa.internal.util.LogHelper - HHH000204: Processing PersistenceUnitInfo [name: default]
2022-10-19 20:45:07 [restartedMain] INFO  com.zaxxer.hikari.HikariDataSource - HikariPool-7 - Starting...
2022-10-19 20:45:07 [restartedMain] INFO  com.zaxxer.hikari.HikariDataSource - HikariPool-7 - Start completed.
2022-10-19 20:45:07 [restartedMain] INFO  org.hibernate.dialect.Dialect - HHH000400: Using dialect: org.hibernate.dialect.MariaDBDialect
2022-10-19 20:45:07 [restartedMain] INFO  o.h.e.t.j.p.i.JtaPlatformInitiator - HHH000490: Using JtaPlatform implementation: [org.hibernate.engine.transaction.jta.platform.internal.NoJtaPlatform]
2022-10-19 20:45:07 [restartedMain] INFO  o.s.o.j.LocalContainerEntityManagerFactoryBean - Initialized JPA EntityManagerFactory for persistence unit 'default'
2022-10-19 20:45:07 [restartedMain] WARN  o.s.b.a.o.j.JpaBaseConfiguration$JpaWebConfiguration - spring.jpa.open-in-view is enabled by default. Therefore, database queries may be performed during view rendering. Explicitly configure spring.jpa.open-in-view to disable this warning
2022-10-19 20:45:07 [restartedMain] INFO  o.s.b.a.w.s.WelcomePageHandlerMapping - Adding welcome page template: index
2022-10-19 20:45:07 [restartedMain] INFO  o.s.s.web.DefaultSecurityFilterChain - Will secure any request with [org.springframework.security.web.session.DisableEncodeUrlFilter@5bb91bac, org.springframework.security.web.context.request.async.WebAsyncManagerIntegrationFilter@7036be8, org.springframework.security.web.context.SecurityContextPersistenceFilter@584ccb32, org.springframework.security.web.header.HeaderWriterFilter@433261e5, org.springframework.security.web.csrf.CsrfFilter@6d8d79c8, org.springframework.security.web.authentication.logout.LogoutFilter@4d7bba7b, org.springframework.security.web.authentication.UsernamePasswordAuthenticationFilter@67d6673a, org.springframework.security.web.savedrequest.RequestCacheAwareFilter@30776771, org.springframework.security.web.servletapi.SecurityContextHolderAwareRequestFilter@601a05d3, org.springframework.security.web.authentication.AnonymousAuthenticationFilter@769235a3, org.springframework.security.web.session.SessionManagementFilter@5e09aa02, org.springframework.security.web.access.ExceptionTranslationFilter@5cf694ae, org.springframework.security.web.access.intercept.FilterSecurityInterceptor@51540685]
2022-10-19 20:45:07 [restartedMain] INFO  o.s.b.d.a.OptionalLiveReloadServer - LiveReload server is running on port 35729
2022-10-19 20:45:07 [restartedMain] INFO  o.s.b.w.e.tomcat.TomcatWebServer - Tomcat started on port(s): 8080 (http) with context path ''
2022-10-19 20:45:07 [restartedMain] INFO  c.a.c.ComicsCrafterApplication - Started ComicsCrafterApplication in 1.175 seconds (JVM running for 38.557)
2022-10-19 20:45:07 [restartedMain] INFO  o.s.b.d.a.ConditionEvaluationDeltaLoggingListener - Condition evaluation unchanged
2022-10-19 20:45:10 [File Watcher] INFO  o.s.b.d.a.LocalDevToolsAutoConfiguration$RestartingClassPathChangeChangedEventListener - Restarting due to 2 class path changes (0 additions, 1 deletion, 1 modification)
2022-10-19 20:45:10 [Thread-39] INFO  o.a.catalina.core.StandardService - Stopping service [Tomcat]
2022-10-19 20:45:10 [Thread-39] INFO  o.s.o.j.LocalContainerEntityManagerFactoryBean - Closing JPA EntityManagerFactory for persistence unit 'default'
2022-10-19 20:45:10 [Thread-39] INFO  com.zaxxer.hikari.HikariDataSource - HikariPool-7 - Shutdown initiated...
2022-10-19 20:45:10 [Thread-39] INFO  com.zaxxer.hikari.HikariDataSource - HikariPool-7 - Shutdown completed.
2022-10-19 20:45:10 [restartedMain] INFO  c.a.c.ComicsCrafterApplication - Starting ComicsCrafterApplication using Java 17.0.4 on DESKTOP-ITAA80Q with PID 14940 (C:\Users\ahlqu\OneDrive\Desktop\ComicsCrafter\comics_crafter\comics_crafter\target\classes started by ahlqu in C:\Users\ahlqu\OneDrive\Desktop\ComicsCrafter\comics_crafter\comics_crafter)
2022-10-19 20:45:10 [restartedMain] INFO  c.a.c.ComicsCrafterApplication - No active profile set, falling back to 1 default profile: "default"
2022-10-19 20:45:10 [restartedMain] INFO  o.s.d.r.c.RepositoryConfigurationDelegate - Bootstrapping Spring Data JPA repositories in DEFAULT mode.
2022-10-19 20:45:10 [restartedMain] INFO  o.s.d.r.c.RepositoryConfigurationDelegate - Finished Spring Data repository scanning in 25 ms. Found 4 JPA repository interfaces.
2022-10-19 20:45:10 [restartedMain] INFO  o.s.cloud.context.scope.GenericScope - BeanFactory id=c1c5863c-d6a3-3dcd-91f4-5a64f9f83bc9
2022-10-19 20:45:10 [restartedMain] INFO  o.s.b.w.e.tomcat.TomcatWebServer - Tomcat initialized with port(s): 8080 (http)
2022-10-19 20:45:10 [restartedMain] INFO  o.a.catalina.core.StandardService - Starting service [Tomcat]
2022-10-19 20:45:10 [restartedMain] INFO  o.a.catalina.core.StandardEngine - Starting Servlet engine: [Apache Tomcat/9.0.65]
2022-10-19 20:45:10 [restartedMain] INFO  o.a.c.c.C.[Tomcat].[localhost].[/] - Initializing Spring embedded WebApplicationContext
2022-10-19 20:45:10 [restartedMain] INFO  o.s.b.w.s.c.ServletWebServerApplicationContext - Root WebApplicationContext: initialization completed in 367 ms
2022-10-19 20:45:10 [restartedMain] INFO  o.h.jpa.internal.util.LogHelper - HHH000204: Processing PersistenceUnitInfo [name: default]
2022-10-19 20:45:10 [restartedMain] INFO  com.zaxxer.hikari.HikariDataSource - HikariPool-8 - Starting...
2022-10-19 20:45:10 [restartedMain] INFO  com.zaxxer.hikari.HikariDataSource - HikariPool-8 - Start completed.
2022-10-19 20:45:10 [restartedMain] INFO  org.hibernate.dialect.Dialect - HHH000400: Using dialect: org.hibernate.dialect.MariaDBDialect
2022-10-19 20:45:10 [restartedMain] INFO  o.h.e.t.j.p.i.JtaPlatformInitiator - HHH000490: Using JtaPlatform implementation: [org.hibernate.engine.transaction.jta.platform.internal.NoJtaPlatform]
2022-10-19 20:45:10 [restartedMain] INFO  o.s.o.j.LocalContainerEntityManagerFactoryBean - Initialized JPA EntityManagerFactory for persistence unit 'default'
2022-10-19 20:45:10 [restartedMain] WARN  o.s.b.a.o.j.JpaBaseConfiguration$JpaWebConfiguration - spring.jpa.open-in-view is enabled by default. Therefore, database queries may be performed during view rendering. Explicitly configure spring.jpa.open-in-view to disable this warning
2022-10-19 20:45:10 [restartedMain] INFO  o.s.b.a.w.s.WelcomePageHandlerMapping - Adding welcome page template: index
2022-10-19 20:45:11 [restartedMain] INFO  o.s.s.web.DefaultSecurityFilterChain - Will secure any request with [org.springframework.security.web.session.DisableEncodeUrlFilter@68005d1a, org.springframework.security.web.context.request.async.WebAsyncManagerIntegrationFilter@495ca22d, org.springframework.security.web.context.SecurityContextPersistenceFilter@1dc98674, org.springframework.security.web.header.HeaderWriterFilter@3c1d8106, org.springframework.security.web.csrf.CsrfFilter@74772889, org.springframework.security.web.authentication.logout.LogoutFilter@5f2b518b, org.springframework.security.web.authentication.UsernamePasswordAuthenticationFilter@4d90031d, org.springframework.security.web.savedrequest.RequestCacheAwareFilter@30606e2a, org.springframework.security.web.servletapi.SecurityContextHolderAwareRequestFilter@60a5dc91, org.springframework.security.web.authentication.AnonymousAuthenticationFilter@6c9925e4, org.springframework.security.web.session.SessionManagementFilter@5037cf9b, org.springframework.security.web.access.ExceptionTranslationFilter@487caf08, org.springframework.security.web.access.intercept.FilterSecurityInterceptor@1149e9c]
2022-10-19 20:45:11 [restartedMain] INFO  o.s.b.d.a.OptionalLiveReloadServer - LiveReload server is running on port 35729
2022-10-19 20:45:11 [restartedMain] INFO  o.s.b.w.e.tomcat.TomcatWebServer - Tomcat started on port(s): 8080 (http) with context path ''
2022-10-19 20:45:11 [restartedMain] INFO  c.a.c.ComicsCrafterApplication - Started ComicsCrafterApplication in 1.093 seconds (JVM running for 41.993)
2022-10-19 20:45:11 [restartedMain] INFO  o.s.b.d.a.ConditionEvaluationDeltaLoggingListener - Condition evaluation unchanged
2022-10-19 20:45:13 [File Watcher] INFO  o.s.b.d.a.LocalDevToolsAutoConfiguration$RestartingClassPathChangeChangedEventListener - Restarting due to 1 class path change (0 additions, 0 deletions, 1 modification)
2022-10-19 20:45:13 [Thread-45] INFO  o.a.catalina.core.StandardService - Stopping service [Tomcat]
2022-10-19 20:45:13 [Thread-45] INFO  o.s.o.j.LocalContainerEntityManagerFactoryBean - Closing JPA EntityManagerFactory for persistence unit 'default'
2022-10-19 20:45:13 [Thread-45] INFO  com.zaxxer.hikari.HikariDataSource - HikariPool-8 - Shutdown initiated...
2022-10-19 20:45:13 [Thread-45] INFO  com.zaxxer.hikari.HikariDataSource - HikariPool-8 - Shutdown completed.
2022-10-19 20:45:13 [restartedMain] INFO  c.a.c.ComicsCrafterApplication - Starting ComicsCrafterApplication using Java 17.0.4 on DESKTOP-ITAA80Q with PID 14940 (C:\Users\ahlqu\OneDrive\Desktop\ComicsCrafter\comics_crafter\comics_crafter\target\classes started by ahlqu in C:\Users\ahlqu\OneDrive\Desktop\ComicsCrafter\comics_crafter\comics_crafter)
2022-10-19 20:45:13 [restartedMain] INFO  c.a.c.ComicsCrafterApplication - No active profile set, falling back to 1 default profile: "default"
2022-10-19 20:45:13 [restartedMain] INFO  o.s.d.r.c.RepositoryConfigurationDelegate - Bootstrapping Spring Data JPA repositories in DEFAULT mode.
2022-10-19 20:45:13 [restartedMain] INFO  o.s.d.r.c.RepositoryConfigurationDelegate - Finished Spring Data repository scanning in 26 ms. Found 4 JPA repository interfaces.
2022-10-19 20:45:13 [restartedMain] INFO  o.s.cloud.context.scope.GenericScope - BeanFactory id=c1c5863c-d6a3-3dcd-91f4-5a64f9f83bc9
2022-10-19 20:45:13 [restartedMain] INFO  o.s.b.w.e.tomcat.TomcatWebServer - Tomcat initialized with port(s): 8080 (http)
2022-10-19 20:45:13 [restartedMain] INFO  o.a.catalina.core.StandardService - Starting service [Tomcat]
2022-10-19 20:45:13 [restartedMain] INFO  o.a.catalina.core.StandardEngine - Starting Servlet engine: [Apache Tomcat/9.0.65]
2022-10-19 20:45:14 [restartedMain] INFO  o.a.c.c.C.[Tomcat].[localhost].[/] - Initializing Spring embedded WebApplicationContext
2022-10-19 20:45:14 [restartedMain] INFO  o.s.b.w.s.c.ServletWebServerApplicationContext - Root WebApplicationContext: initialization completed in 361 ms
2022-10-19 20:45:14 [restartedMain] INFO  o.h.jpa.internal.util.LogHelper - HHH000204: Processing PersistenceUnitInfo [name: default]
2022-10-19 20:45:14 [restartedMain] INFO  com.zaxxer.hikari.HikariDataSource - HikariPool-9 - Starting...
2022-10-19 20:45:14 [restartedMain] INFO  com.zaxxer.hikari.HikariDataSource - HikariPool-9 - Start completed.
2022-10-19 20:45:14 [restartedMain] INFO  org.hibernate.dialect.Dialect - HHH000400: Using dialect: org.hibernate.dialect.MariaDBDialect
2022-10-19 20:45:14 [restartedMain] INFO  o.h.e.t.j.p.i.JtaPlatformInitiator - HHH000490: Using JtaPlatform implementation: [org.hibernate.engine.transaction.jta.platform.internal.NoJtaPlatform]
2022-10-19 20:45:14 [restartedMain] INFO  o.s.o.j.LocalContainerEntityManagerFactoryBean - Initialized JPA EntityManagerFactory for persistence unit 'default'
2022-10-19 20:45:14 [restartedMain] WARN  o.s.b.a.o.j.JpaBaseConfiguration$JpaWebConfiguration - spring.jpa.open-in-view is enabled by default. Therefore, database queries may be performed during view rendering. Explicitly configure spring.jpa.open-in-view to disable this warning
2022-10-19 20:45:14 [restartedMain] INFO  o.s.b.a.w.s.WelcomePageHandlerMapping - Adding welcome page template: index
2022-10-19 20:45:14 [restartedMain] INFO  o.s.s.web.DefaultSecurityFilterChain - Will secure any request with [org.springframework.security.web.session.DisableEncodeUrlFilter@406604e1, org.springframework.security.web.context.request.async.WebAsyncManagerIntegrationFilter@6e086032, org.springframework.security.web.context.SecurityContextPersistenceFilter@62300cb4, org.springframework.security.web.header.HeaderWriterFilter@337ba661, org.springframework.security.web.csrf.CsrfFilter@73bf7387, org.springframework.security.web.authentication.logout.LogoutFilter@4794f0a1, org.springframework.security.web.authentication.UsernamePasswordAuthenticationFilter@6728f770, org.springframework.security.web.savedrequest.RequestCacheAwareFilter@7a66859c, org.springframework.security.web.servletapi.SecurityContextHolderAwareRequestFilter@14407c1f, org.springframework.security.web.authentication.AnonymousAuthenticationFilter@6c7684e6, org.springframework.security.web.session.SessionManagementFilter@6a1b793b, org.springframework.security.web.access.ExceptionTranslationFilter@3d373b5, org.springframework.security.web.access.intercept.FilterSecurityInterceptor@2500590]
2022-10-19 20:45:14 [restartedMain] INFO  o.s.b.d.a.OptionalLiveReloadServer - LiveReload server is running on port 35729
2022-10-19 20:45:14 [restartedMain] INFO  o.s.b.w.e.tomcat.TomcatWebServer - Tomcat started on port(s): 8080 (http) with context path ''
2022-10-19 20:45:14 [restartedMain] INFO  c.a.c.ComicsCrafterApplication - Started ComicsCrafterApplication in 1.116 seconds (JVM running for 45.432)
2022-10-19 20:45:14 [restartedMain] INFO  o.s.b.d.a.ConditionEvaluationDeltaLoggingListener - Condition evaluation unchanged
2022-10-19 20:45:16 [RMI TCP Connection(6)-127.0.0.1] INFO  o.s.b.a.SpringApplicationAdminMXBeanRegistrar$SpringApplicationAdmin - Application shutdown requested.
2022-10-19 20:45:16 [RMI TCP Connection(6)-127.0.0.1] INFO  o.a.catalina.core.StandardService - Stopping service [Tomcat]
2022-10-19 20:45:16 [RMI TCP Connection(6)-127.0.0.1] INFO  o.s.o.j.LocalContainerEntityManagerFactoryBean - Closing JPA EntityManagerFactory for persistence unit 'default'
2022-10-19 20:45:16 [RMI TCP Connection(6)-127.0.0.1] INFO  com.zaxxer.hikari.HikariDataSource - HikariPool-9 - Shutdown initiated...
2022-10-19 20:45:16 [RMI TCP Connection(6)-127.0.0.1] INFO  com.zaxxer.hikari.HikariDataSource - HikariPool-9 - Shutdown completed.
